0 info it worked if it ends with ok
1 verbose cli [ '/Users/Daniel/.nvm/versions/node/v4.8.4/bin/node',
1 verbose cli   '/Users/Daniel/.nvm/versions/node/v4.8.4/bin/npm',
1 verbose cli   'start' ]
2 info using npm@2.15.11
3 info using node@v4.8.4
4 verbose run-script [ 'prestart', 'start', 'poststart' ]
5 info prestart kurento-one2one-call@6.6.2-dev
6 info start kurento-one2one-call@6.6.2-dev
7 verbose unsafe-perm in lifecycle true
8 info kurento-one2one-call@6.6.2-dev Failed to exec start script
9 verbose stack Error: kurento-one2one-call@6.6.2-dev start: `node server.js`
9 verbose stack Exit status 1
9 verbose stack     at EventEmitter.<anonymous> (/Users/Daniel/.nvm/versions/node/v4.8.4/lib/node_modules/npm/lib/utils/lifecycle.js:217:16)
9 verbose stack     at emitTwo (events.js:87:13)
9 verbose stack     at EventEmitter.emit (events.js:172:7)
9 verbose stack     at ChildProcess.<anonymous> (/Users/Daniel/.nvm/versions/node/v4.8.4/lib/node_modules/npm/lib/utils/spawn.js:24:14)
9 verbose stack     at emitTwo (events.js:87:13)
9 verbose stack     at ChildProcess.emit (events.js:172:7)
9 verbose stack     at maybeClose (internal/child_process.js:862:16)
9 verbose stack     at Process.ChildProcess._handle.onexit (internal/child_process.js:222:5)
10 verbose pkgid kurento-one2one-call@6.6.2-dev
11 verbose cwd /Users/Daniel/Documents/Desarrollos/SignalingRTC/app
12 error Darwin 16.7.0
13 error argv "/Users/Daniel/.nvm/versions/node/v4.8.4/bin/node" "/Users/Daniel/.nvm/versions/node/v4.8.4/bin/npm" "start"
14 error node v4.8.4
15 error npm  v2.15.11
16 error code ELIFECYCLE
17 error kurento-one2one-call@6.6.2-dev start: `node server.js`
17 error Exit status 1
18 error Failed at the kurento-one2one-call@6.6.2-dev start script 'node server.js'.
18 error This is most likely a problem with the kurento-one2one-call package,
18 error not with npm itself.
18 error Tell the author that this fails on your system:
18 error     node server.js
18 error You can get information on how to open an issue for this project with:
18 error     npm bugs kurento-one2one-call
18 error Or if that isn't available, you can get their info via:
18 error
18 error     npm owner ls kurento-one2one-call
18 error There is likely additional logging output above.
19 verbose exit [ 1, true ]
